#
# There is insufficient memory for the Java Runtime Environment to continue.
# Native memory allocation (malloc) failed to allocate 12427608 bytes. Error detail: Chunk::new
# Possible reasons:
#   The system is out of physical RAM or swap space
#   This process is running with CompressedOops enabled, and the Java Heap may be blocking the growth of the native heap
# Possible solutions:
#   Reduce memory load on the system
#   Increase physical memory or swap space
#   Check if swap backing store is full
#   Decrease Java heap size (-Xmx/-Xms)
#   Decrease number of Java threads
#   Decrease Java thread stack sizes (-Xss)
#   Set larger code cache with -XX:ReservedCodeCacheSize=
#   JVM is running with Unscaled Compressed Oops mode in which the Java heap is
#     placed in the first 4GB address space. The Java Heap base address is the
#     maximum limit for the native heap growth. Please use -XX:HeapBaseMinAddress
#     to set the Java Heap base and to place the Java Heap above 4GB virtual address.
# This output file may be truncated or incomplete.
#
#  Out of Memory Error (arena.cpp:186), pid=39528, tid=33148
#
# JRE version: OpenJDK Runtime Environment Temurin-25.0.1+8 (25.0.1+8) (build 25.0.1+8-LTS)
# Java VM: OpenJDK 64-Bit Server VM Temurin-25.0.1+8 (25.0.1+8-LTS, mixed mode, sharing, tiered, compressed oops, compressed class ptrs, g1 gc, windows-amd64)
# No core dump will be written. Minidumps are not enabled by default on client versions of Windows
#

---------------  S U M M A R Y ------------

Command Line: -agentlib:jdwp=transport=dt_socket,server=n,address=59530 com.scc.smart_campus.SmartCampusApplication

Host: AMD Ryzen 5 5600H with Radeon Graphics         , 12 cores, 7G,  Windows 11 , 64 bit Build 26100 (10.0.26100.7309)
Time: Sun Dec 28 02:19:21 2025 India Standard Time elapsed time: 4.614641 seconds (0d 0h 0m 4s)

---------------  T H R E A D  ---------------

Current thread (0x000001a4e5fe6d00):  JavaThread "C2 CompilerThread0" daemon [_thread_in_native, id=33148, stack(0x00000086eff00000,0x00000086f0000000) (1024K)]


Current CompileTask:
C2:4614 4584       4       org.springframework.boot.context.properties.source.ConfigurationPropertyName$ElementsParser::parse (234 bytes)

Stack: [0x00000086eff00000,0x00000086f0000000]
Native frames: (J=compiled Java code, j=interpreted, Vv=VM code, C=native code)
V  [jvm.dll+0x7a8379]  (no source info available)
V  [jvm.dll+0x7729fd]  (no source info available)
V  [jvm.dll+0x9f57b3]  (no source info available)
V  [jvm.dll+0x9f7da1]  (no source info available)
V  [jvm.dll+0x9f84a3]  (no source info available)
V  [jvm.dll+0x2fcd26]  (no source info available)
V  [jvm.dll+0x111086]  (no source info available)
V  [jvm.dll+0x1113ae]  (no source info available)
V  [jvm.dll+0x1a01a2]  (no source info available)
V  [jvm.dll+0x3b5e72]  (no source info available)
V  [jvm.dll+0x7adcec]  (no source info available)
V  [jvm.dll+0x2c0327]  (no source info available)
V  [jvm.dll+0x2bf2ef]  (no source info available)
V  [jvm.dll+0x237300]  (no source info available)
V  [jvm.dll+0x2cf386]  (no source info available)
V  [jvm.dll+0x2cd60a]  (no source info available)
V  [jvm.dll+0x48f64e]  (no source info available)
V  [jvm.dll+0x99630d]  (no source info available)
V  [jvm.dll+0x7a6955]  (no source info available)
C  [ucrtbase.dll+0x37b0]  (no source info available)
C  [KERNEL32.DLL+0x2e8d7]  (no source info available)
C  [ntdll.dll+0x8c53c]  (no source info available)

Lock stack of current Java thread (top to bottom):


---------------  P R O C E S S  ---------------

Threads class SMR info:
_java_thread_list=0x000001a4edbf1220, length=19, elements={
0x000001a4c68af930, 0x000001a4e5fc7480, 0x000001a4e5fc7ef0, 0x000001a4c8ec5be0,
0x000001a4e5fd1d80, 0x000001a4e5fd15b0, 0x000001a4e5fd2550, 0x000001a4e5fe6d00,
0x000001a4e5ffa2a0, 0x000001a4e60d7f70, 0x000001a4e60d8b50, 0x000001a4e60db870,
0x000001a4e5fd5c00, 0x000001a4e5fd6ba0, 0x000001a4e5ff7a50, 0x000001a4ec0fb6b0,
0x000001a4ec0fddc0, 0x000001a4ec0fc650, 0x000001a4ef12a380
}

Java Threads: ( => current thread )
  0x000001a4c68af930 JavaThread "main"                              [_thread_in_native, id=24264, stack(0x00000086ef100000,0x00000086ef200000) (1024K)]
  0x000001a4e5fc7480 JavaThread "Reference Handler"          daemon [_thread_blocked, id=1448, stack(0x00000086ef900000,0x00000086efa00000) (1024K)]
  0x000001a4e5fc7ef0 JavaThread "Finalizer"                  daemon [_thread_blocked, id=38684, stack(0x00000086efa00000,0x00000086efb00000) (1024K)]
  0x000001a4c8ec5be0 JavaThread "Signal Dispatcher"          daemon [_thread_blocked, id=37616, stack(0x00000086efb00000,0x00000086efc00000) (1024K)]
  0x000001a4e5fd1d80 JavaThread "Attach Listener"            daemon [_thread_blocked, id=26360, stack(0x00000086efc00000,0x00000086efd00000) (1024K)]
  0x000001a4e5fd15b0 JavaThread "Service Thread"             daemon [_thread_blocked, id=7332, stack(0x00000086efd00000,0x00000086efe00000) (1024K)]
  0x000001a4e5fd2550 JavaThread "Monitor Deflation Thread"   daemon [_thread_blocked, id=5144, stack(0x00000086efe00000,0x00000086eff00000) (1024K)]
=>0x000001a4e5fe6d00 JavaThread "C2 CompilerThread0"         daemon [_thread_in_native, id=33148, stack(0x00000086eff00000,0x00000086f0000000) (1024K)]
  0x000001a4e5ffa2a0 JavaThread "C1 CompilerThread0"         daemon [_thread_blocked, id=22792, stack(0x00000086f0000000,0x00000086f0100000) (1024K)]
  0x000001a4e60d7f70 JavaThread "JDWP Transport Listener: dt_socket" daemon [_thread_blocked, id=24104, stack(0x00000086f0100000,0x00000086f0200000) (1024K)]
  0x000001a4e60d8b50 JavaThread "JDWP Event Helper Thread"   daemon [_thread_blocked, id=11160, stack(0x00000086f0200000,0x00000086f0300000) (1024K)]
  0x000001a4e60db870 JavaThread "JDWP Command Reader"        daemon [_thread_in_native, id=38636, stack(0x00000086f0300000,0x00000086f0400000) (1024K)]
  0x000001a4e5fd5c00 JavaThread "Notification Thread"        daemon [_thread_blocked, id=39856, stack(0x00000086f0400000,0x00000086f0500000) (1024K)]
  0x000001a4e5fd6ba0 JavaThread "Common-Cleaner"             daemon [_thread_blocked, id=35348, stack(0x00000086f0500000,0x00000086f0600000) (1024K)]
  0x000001a4e5ff7a50 JavaThread "C2 CompilerThread1"         daemon [_thread_in_native, id=23340, stack(0x00000086f0600000,0x00000086f0700000) (1024K)]
  0x000001a4ec0fb6b0 JavaThread "Catalina-utility-1"                [_thread_blocked, id=24772, stack(0x00000086f1200000,0x00000086f1300000) (1024K)]
  0x000001a4ec0fddc0 JavaThread "Catalina-utility-2"                [_thread_blocked, id=37008, stack(0x00000086f1300000,0x00000086f1400000) (1024K)]
  0x000001a4ec0fc650 JavaThread "container-0"                       [_thread_blocked, id=21416, stack(0x00000086f1400000,0x00000086f1500000) (1024K)]
  0x000001a4ef12a380 JavaThread "mysql-cj-abandoned-connection-cleanup" daemon [_thread_blocked, id=20400, stack(0x00000086f1500000,0x00000086f1600000) (1024K)]
Total: 19

Other Threads:
  0x000001a4e5fb0600 VMThread "VM Thread"                           [id=2340, stack(0x00000086ef800000,0x00000086ef900000) (1024K)]
  0x000001a4e5f9f5d0 WatcherThread "VM Periodic Task Thread"        [id=24672, stack(0x00000086ef700000,0x00000086ef800000) (1024K)]
  0x000001a4c8e90fb0 WorkerThread "GC Thread#0"                     [id=38272, stack(0x00000086ef200000,0x00000086ef300000) (1024K)]
  0x000001a4e6968720 WorkerThread "GC Thread#1"                     [id=8208, stack(0x00000086f0800000,0x00000086f0900000) (1024K)]
  0x000001a4e6967190 WorkerThread "GC Thread#2"                     [id=40924, stack(0x00000086f0900000,0x00000086f0a00000) (1024K)]
  0x000001a4e6967a30 WorkerThread "GC Thread#3"                     [id=26428, stack(0x00000086f0a00000,0x00000086f0b00000) (1024K)]
  0x000001a4e6968b70 WorkerThread "GC Thread#4"                     [id=34084, stack(0x00000086f0b00000,0x00000086f0c00000) (1024K)]
  0x000001a4e6967e80 WorkerThread "GC Thread#5"                     [id=31972, stack(0x00000086f0c00000,0x00000086f0d00000) (1024K)]
  0x000001a4e6968fc0 WorkerThread "GC Thread#6"                     [id=39416, stack(0x00000086f0d00000,0x00000086f0e00000) (1024K)]
  0x000001a4e6965c00 WorkerThread "GC Thread#7"                     [id=40156, stack(0x00000086f0e00000,0x00000086f0f00000) (1024K)]
  0x000001a4e6966050 WorkerThread "GC Thread#8"                     [id=12912, stack(0x00000086f0f00000,0x00000086f1000000) (1024K)]
  0x000001a4eb82ce90 WorkerThread "GC Thread#9"                     [id=22884, stack(0x00000086f1000000,0x00000086f1100000) (1024K)]
  0x000001a4c8ea8ff0 ConcurrentGCThread "G1 Main Marker"            [id=23912, stack(0x00000086ef300000,0x00000086ef400000) (1024K)]
  0x000001a4c8eac140 WorkerThread "G1 Conc#0"                       [id=7256, stack(0x00000086ef400000,0x00000086ef500000) (1024K)]
  0x000001a4eb832080 WorkerThread "G1 Conc#1"                       [id=28800, stack(0x00000086f0700000,0x00000086f0800000) (1024K)]
  0x000001a4eb830f40 WorkerThread "G1 Conc#2"                       [id=8516, stack(0x00000086f1100000,0x00000086f1200000) (1024K)]
  0x000001a4e5e69b00 ConcurrentGCThread "G1 Refine#0"               [id=39824, stack(0x00000086ef500000,0x00000086ef600000) (1024K)]
  0x000001a4e5e6b520 ConcurrentGCThread "G1 Service"                [id=30908, stack(0x00000086ef600000,0x00000086ef700000) (1024K)]
Total: 18

Threads with active compile tasks:
C2 CompilerThread0  4674 4584       4       org.springframework.boot.context.properties.source.ConfigurationPropertyName$ElementsParser::parse (234 bytes)
C2 CompilerThread1  4674 4690   !   4       org.springframework.util.ReflectionUtils::doWithMethods (186 bytes)
Total: 2

VM state: not at safepoint (normal execution)

VM Mutex/Monitor currently owned by a thread: None

Heap address: 0x000000008a800000, size: 1880 MB, Compressed Oops mode: 32-bit

CDS archive(s) mapped at: [0x000000001a000000-0x000000001add0000-0x000000001add0000), size 14483456, SharedBaseAddress: 0x000000001a000000, ArchiveRelocationMode: 1.
Compressed class space mapped at: 0x000000001b000000-0x000000005b000000, reserved size: 1073741824
UseCompressedClassPointers 1, UseCompactObjectHeaders 0
Narrow klass pointer bits 32, Max shift 3
Narrow klass base: 0x000000001a000000, Narrow klass shift: 0
Encoding Range: [0x000000001a000000 - 0x000000011a000000), (4294967296 bytes)
Klass Range:    [0x000000001a010000 - 0x000000005b000000), (1090453504 bytes)
Klass ID Range:  [65536 - 1090519033) (1090453497)
Protection zone: [0x000000001a000000 - 0x000000001a010000), (65536 bytes)

GC Precious Log:
 CardTable entry size: 512
 Card Set container configuration: InlinePtr #cards 5 size 8 Array Of Cards #cards 10 size 36 Howl #buckets 4 coarsen threshold 1843 Howl Bitmap #cards 512 size 80 coarsen threshold 460 Card regions per heap region 1 cards per card region 2048
 CPUs: 12 total, 12 available
 Memory: 7518M
 Large Page Support: Disabled
 NUMA Support: Disabled
 Compressed Oops: Enabled (32-bit)
 Heap Region Size: 1M
 Heap Min Capacity: 8M
 Heap Initial Capacity: 118M
 Heap Max Capacity: 1880M
 Pre-touch: Disabled
 Parallel Workers: 10
 Concurrent Workers: 3
 Concurrent Refinement Workers: 10
 Periodic GC: Disabled

Heap:
 garbage-first heap   total reserved 1925120K, committed 64512K, used 28587K [0x000000008a800000, 0x0000000100000000)
  region size 1024K, 13 young (13312K), 3 survivors (3072K)

Heap Regions: E=young(eden), S=young(survivor), O=old, HS=humongous(starts), HC=humongous(continues), CS=collection set, F=free, TAMS=top-at-mark-start, PB=parsable bottom
|   0|0x000000008a800000, 0x000000008a900000, 0x000000008a900000|100%|HS|  |TAMS 0x000000008a800000| PB 0x000000008a800000| Complete |  0
|   1|0x000000008a900000, 0x000000008aa00000, 0x000000008aa00000|100%|HS|  |TAMS 0x000000008a900000| PB 0x000000008a900000| Complete |  0
|   2|0x000000008aa00000, 0x000000008ab00000, 0x000000008ab00000|100%| O|  |TAMS 0x000000008aa00000| PB 0x000000008aa00000| Untracked |  0
|   3|0x000000008ab00000, 0x000000008ac00000, 0x000000008ac00000|100%| O|  |TAMS 0x000000008ab00000| PB 0x000000008ab00000| Untracked |  0
|   4|0x000000008ac00000, 0x000000008ad00000, 0x000000008ad00000|100%| O|  |TAMS 0x000000008ac00000| PB 0x000000008ac00000| Untracked |  0
|   5|0x000000008ad00000, 0x000000008ae00000, 0x000000008ae00000|100%| O|  |TAMS 0x000000008ad00000| PB 0x000000008ad00000| Untracked |  0
|   6|0x000000008ae00000, 0x000000008af00000, 0x000000008af00000|100%| O|  |TAMS 0x000000008ae00000| PB 0x000000008ae00000| Untracked |  0
|   7|0x000000008af00000, 0x000000008b000000, 0x000000008b000000|100%| O|  |TAMS 0x000000008af00000| PB 0x000000008af00000| Untracked |  0
|   8|0x000000008b000000, 0x000000008b100000, 0x000000008b100000|100%| O|  |TAMS 0x000000008b000000| PB 0x000000008b000000| Untracked |  0
|   9|0x000000008b100000, 0x000000008b200000, 0x000000008b200000|100%| O|  |TAMS 0x000000008b100000| PB 0x000000008b100000| Untracked |  0
|  10|0x000000008b200000, 0x000000008b300000, 0x000000008b300000|100%| O|  |TAMS 0x000000008b200000| PB 0x000000008b200000| Untracked |  0
|  11|0x000000008b300000, 0x000000008b3d5588, 0x000000008b400000| 83%| O|  |TAMS 0x000000008b300000| PB 0x000000008b300000| Untracked |  0
|  12|0x000000008b400000, 0x000000008b400000, 0x000000008b500000|  0%| F|  |TAMS 0x000000008b400000| PB 0x000000008b400000| Untracked |  0
|  13|0x000000008b500000, 0x000000008b500000, 0x000000008b600000|  0%| F|  |TAMS 0x000000008b500000| PB 0x000000008b500000| Untracked |  0
|  14|0x000000008b600000, 0x000000008b600000, 0x000000008b700000|  0%| F|  |TAMS 0x000000008b600000| PB 0x000000008b600000| Untracked |  0
|  15|0x000000008b700000, 0x000000008b700000, 0x000000008b800000|  0%| F|  |TAMS 0x000000008b700000| PB 0x000000008b700000| Untracked |  0
|  16|0x000000008b800000, 0x000000008b800000, 0x000000008b900000|  0%| F|  |TAMS 0x000000008b800000| PB 0x000000008b800000| Untracked |  0
|  17|0x000000008b900000, 0x000000008b900000, 0x000000008ba00000|  0%| F|  |TAMS 0x000000008b900000| PB 0x000000008b900000| Untracked |  0
|  18|0x000000008ba00000, 0x000000008ba00000, 0x000000008bb00000|  0%| F|  |TAMS 0x000000008ba00000| PB 0x000000008ba00000| Untracked |  0
|  19|0x000000008bb00000, 0x000000008bb00000, 0x000000008bc00000|  0%| F|  |TAMS 0x000000008bb00000| PB 0x000000008bb00000| Untracked |  0
|  20|0x000000008bc00000, 0x000000008bc00000, 0x000000008bd00000|  0%| F|  |TAMS 0x000000008bc00000| PB 0x000000008bc00000| Untracked |  0
|  21|0x000000008bd00000, 0x000000008bd00000, 0x000000008be00000|  0%| F|  |TAMS 0x000000008bd00000| PB 0x000000008bd00000| Untracked |  0
|  22|0x000000008be00000, 0x000000008be00000, 0x000000008bf00000|  0%| F|  |TAMS 0x000000008be00000| PB 0x000000008be00000| Untracked |  0
|  23|0x000000008bf00000, 0x000000008bf15768, 0x000000008c000000|  8%| S|CS|TAMS 0x000000008bf00000| PB 0x000000008bf00000| Complete |  0
|  24|0x000000008c000000, 0x000000008c100000, 0x000000008c100000|100%| S|CS|TAMS 0x000000008c000000| PB 0x000000008c000000| Complete |  0
|  25|0x000000008c100000, 0x000000008c200000, 0x000000008c200000|100%| S|CS|TAMS 0x000000008c100000| PB 0x000000008c100000| Complete |  0
|  26|0x000000008c200000, 0x000000008c200000, 0x000000008c300000|  0%| F|  |TAMS 0x000000008c200000| PB 0x000000008c200000| Untracked |  0
|  27|0x000000008c300000, 0x000000008c300000, 0x000000008c400000|  0%| F|  |TAMS 0x000000008c300000| PB 0x000000008c300000| Untracked |  0
|  28|0x000000008c400000, 0x000000008c400000, 0x000000008c500000|  0%| F|  |TAMS 0x000000008c400000| PB 0x000000008c400000| Untracked |  0
|  29|0x000000008c500000, 0x000000008c500000, 0x000000008c600000|  0%| F|  |TAMS 0x000000008c500000| PB 0x000000008c500000| Untracked |  0
|  30|0x000000008c600000, 0x000000008c600000, 0x000000008c700000|  0%| F|  |TAMS 0x000000008c600000| PB 0x000000008c600000| Untracked |  0
|  31|0x000000008c700000, 0x000000008c700000, 0x000000008c800000|  0%| F|  |TAMS 0x000000008c700000| PB 0x000000008c700000| Untracked |  0
|  32|0x000000008c800000, 0x000000008c800000, 0x000000008c900000|  0%| F|  |TAMS 0x000000008c800000| PB 0x000000008c800000| Untracked |  0
|  33|0x000000008c900000, 0x000000008c900000, 0x000000008ca00000|  0%| F|  |TAMS 0x000000008c900000| PB 0x000000008c900000| Untracked |  0
|  34|0x000000008ca00000, 0x000000008ca00000, 0x000000008cb00000|  0%| F|  |TAMS 0x000000008ca00000| PB 0x000000008ca00000| Untracked |  0
|  35|0x000000008cb00000, 0x000000008cb00000, 0x000000008cc00000|  0%| F|  |TAMS 0x000000008cb00000| PB 0x000000008cb00000| Untracked |  0
|  36|0x000000008cc00000, 0x000000008cc00000, 0x000000008cd00000|  0%| F|  |TAMS 0x000000008cc00000| PB 0x000000008cc00000| Untracked |  0
|  37|0x000000008cd00000, 0x000000008cd00000, 0x000000008ce00000|  0%| F|  |TAMS 0x000000008cd00000| PB 0x000000008cd00000| Untracked |  0
|  38|0x000000008ce00000, 0x000000008ce00000, 0x000000008cf00000|  0%| F|  |TAMS 0x000000008ce00000| PB 0x000000008ce00000| Untracked |  0
|  39|0x000000008cf00000, 0x000000008cf00000, 0x000000008d000000|  0%| F|  |TAMS 0x000000008cf00000| PB 0x000000008cf00000| Untracked |  0
|  40|0x000000008d000000, 0x000000008d000000, 0x000000008d100000|  0%| F|  |TAMS 0x000000008d000000| PB 0x000000008d000000| Untracked |  0
|  41|0x000000008d100000, 0x000000008d100000, 0x000000008d200000|  0%| F|  |TAMS 0x000000008d100000| PB 0x000000008d100000| Untracked |  0
|  42|0x000000008d200000, 0x000000008d200000, 0x000000008d300000|  0%| F|  |TAMS 0x000000008d200000| PB 0x000000008d200000| Untracked |  0
|  43|0x000000008d300000, 0x000000008d300000, 0x000000008d400000|  0%| F|  |TAMS 0x000000008d300000| PB 0x000000008d300000| Untracked |  0
|  44|0x000000008d400000, 0x000000008d400000, 0x000000008d500000|  0%| F|  |TAMS 0x000000008d400000| PB 0x000000008d400000| Untracked |  0
|  45|0x000000008d500000, 0x000000008d500000, 0x000000008d600000|  0%| F|  |TAMS 0x000000008d500000| PB 0x000000008d500000| Untracked |  0
|  46|0x000000008d600000, 0x000000008d600000, 0x000000008d700000|  0%| F|  |TAMS 0x000000008d600000| PB 0x000000008d600000| Untracked |  0
|  47|0x000000008d700000, 0x000000008d772c70, 0x000000008d800000| 44%| E|  |TAMS 0x000000008d700000| PB 0x000000008d700000| Complete |  0
|  48|0x000000008d800000, 0x000000008d900000, 0x000000008d900000|100%| E|CS|TAMS 0x000000008d800000| PB 0x000000008d800000| Complete |  0
|  49|0x000000008d900000, 0x000000008da00000, 0x000000008da00000|100%| E|  |TAMS 0x000000008d900000| PB 0x000000008d900000| Complete |  0
|  72|0x000000008f000000, 0x000000008f100000, 0x000000008f100000|100%| E|CS|TAMS 0x000000008f000000| PB 0x000000008f000000| Complete |  0
|  73|0x000000008f100000, 0x000000008f200000, 0x000000008f200000|100%| E|CS|TAMS 0x000000008f100000| PB 0x000000008f100000| Complete |  0
|  74|0x000000008f200000, 0x000000008f300000, 0x000000008f300000|100%| E|CS|TAMS 0x000000008f200000| PB 0x000000008f200000| Complete |  0
|  75|0x000000008f300000, 0x000000008f400000, 0x000000008f400000|100%| E|CS|TAMS 0x000000008f300000| PB 0x000000008f300000| Complete |  0
|  76|0x000000008f400000, 0x000000008f500000, 0x000000008f500000|100%| E|CS|TAMS 0x000000008f400000| PB 0x000000008f400000| Complete |  0
| 117|0x0000000091d00000, 0x0000000091e00000, 0x0000000091e00000|100%| E|CS|TAMS 0x0000000091d00000| PB 0x0000000091d00000| Complete |  0
|1873|0x00000000ff900000, 0x00000000ffa00000, 0x00000000ffa00000|100%| O|  |TAMS 0x00000000ff900000| PB 0x00000000ff900000| Untracked |  0
|1874|0x00000000ffa00000, 0x00000000ffb00000, 0x00000000ffb00000|100%| O|  |TAMS 0x00000000ffa00000| PB 0x00000000ffa00000| Untracked |  0
|1875|0x00000000ffb00000, 0x00000000ffc00000, 0x00000000ffc00000|100%| O|  |TAMS 0x00000000ffb00000| PB 0x00000000ffb00000| Untracked |  0
|1876|0x00000000ffc00000, 0x00000000ffd00000, 0x00000000ffd00000|100%| O|  |TAMS 0x00000000ffc00000| PB 0x00000000ffc00000| Untracked |  0
|1877|0x00000000ffd00000, 0x00000000ffe00000, 0x00000000ffe00000|100%| O|  |TAMS 0x00000000ffd00000| PB 0x00000000ffd00000| Untracked |  0
|1878|0x00000000ffe00000, 0x00000000fff00000, 0x00000000fff00000|100%| O|  |TAMS 0x00000000ffe00000| PB 0x00000000ffe00000| Untracked |  0
|1879|0x00000000fff00000, 0x0000000100000000, 0x0000000100000000|100%| E|CS|TAMS 0x00000000fff00000| PB 0x00000000fff00000| Complete |  0

Card table byte_map: [0x000001a4e1220000,0x000001a4e15d0000] _byte_map_base: 0x000001a4e0dcc000

Marking Bits: (CMBitMap*) 0x000001a4c8e91740
 Bits: [0x000001a4e15d0000, 0x000001a4e3330000)

Polling page: 0x000001a4c6bf0000

Metaspace:
Metaspace        used 35368K, committed 35712K, reserved 1114112K
 class space     used 3607K, committed 3776K, reserved 1048576K

Usage:
  Non-class:     31.02 MB used.
      Class:      3.52 MB used.
       Both:     34.54 MB used.

Virtual space:
  Non-class space:       64.00 MB reserved,      31.19 MB ( 49%) committed,  1 nodes.
      Class space:        1.00 GB reserved,       3.69 MB ( <1%) committed,  1 nodes.
             Both:        1.06 GB reserved,      34.88 MB (  3%) committed. 

Chunk freelists:
   Non-Class:  272.00 KB
       Class:  12.22 MB
        Both:  12.48 MB

MaxMetaspaceSize: unlimited
CompressedClassSpaceSize: 1.00 GB
Initial GC threshold: 21.00 MB
Current GC threshold: 35.12 MB
CDS: on
 - commit_granule_bytes: 65536.
 - commit_granule_words: 8192.
 - virtual_space_node_default_size: 8388608.
 - enlarge_chunks_in_place: 1.
UseCompressedClassPointers 1, UseCompactObjectHeaders 0
Narrow klass pointer bits 32, Max shift 3
Narrow klass base: 0x000000001a000000, Narrow klass shift: 0
Encoding Range: [0x000000001a000000 - 0x000000011a000000), (4294967296 bytes)
Klass Range:    [0x000000001a010000 - 0x000000005b000000), (1090453504 bytes)
Klass ID Range:  [65536 - 1090519033) (1090453497)
Protection zone: [0x000000001a000000 - 0x000000001a010000), (65536 bytes)


Internal statistics:

num_allocs_failed_limit: 3.
num_arena_births: 420.
num_arena_deaths: 0.
num_vsnodes_births: 2.
num_vsnodes_deaths: 0.
num_space_committed: 558.
num_space_uncommitted: 0.
num_chunks_returned_to_freelist: 3.
num_chunks_taken_from_freelist: 1610.
num_chunk_merges: 3.
num_chunk_splits: 1189.
num_chunks_enlarged: 975.
num_inconsistent_stats: 0.

CodeHeap 'non-profiled nmethods': size=120064Kb used=1646Kb max_used=1646Kb free=118417Kb
 bounds [0x000001a4d93e0000, 0x000001a4d9650000, 0x000001a4e0920000]
CodeHeap 'profiled nmethods': size=120000Kb used=8020Kb max_used=8020Kb free=111979Kb
 bounds [0x000001a4d1920000, 0x000001a4d2100000, 0x000001a4d8e50000]
CodeHeap 'non-nmethods': size=5696Kb used=1540Kb max_used=1675Kb free=4155Kb
 bounds [0x000001a4d8e50000, 0x000001a4d90c0000, 0x000001a4d93e0000]
CodeCache: size=245760Kb, used=11206Kb, max_used=11341Kb, free=234551Kb
 total_blobs=5324, nmethods=4730, adapters=495, full_count=0
Compilation: enabled, stopped_count=0, restarted_count=0

Compilation events (20 events):
Event: 3.572 Thread 0x000001a4e5ffa2a0 4740 %     3       java.math.BigInteger::shiftLeftImplWorker @ 9 (43 bytes)
Event: 3.572 Thread 0x000001a4e5ffa2a0 nmethod 4740% 0x000001a4d20eec08 code [0x000001a4d20eed00, 0x000001a4d20ef000]
Event: 3.572 Thread 0x000001a4e5ffa2a0 4737       2       java.math.BigInteger::add (123 bytes)
Event: 3.572 Thread 0x000001a4e5ffa2a0 nmethod 4737 0x000001a4d20ef008 code [0x000001a4d20ef100, 0x000001a4d20ef518]
Event: 3.572 Thread 0x000001a4e5ffa2a0 4741       2       java.math.BigInteger::subtract (126 bytes)
Event: 3.573 Thread 0x000001a4e5ffa2a0 nmethod 4741 0x000001a4d20ef588 code [0x000001a4d20ef680, 0x000001a4d20efb40]
Event: 3.573 Thread 0x000001a4e5ffa2a0 4739       1       java.util.concurrent.RecursiveTask::getRawResult (5 bytes)
Event: 3.573 Thread 0x000001a4e5ffa2a0 nmethod 4739 0x000001a4d957b688 code [0x000001a4d957b780, 0x000001a4d957b848]
Event: 3.573 Thread 0x000001a4e5ffa2a0 4742       2       java.util.Arrays::copyOfRange (82 bytes)
Event: 3.573 Thread 0x000001a4e5ffa2a0 nmethod 4742 0x000001a4d20efb88 code [0x000001a4d20efc80, 0x000001a4d20f02d0]
Event: 3.573 Thread 0x000001a4e5ffa2a0 4743       2       java.math.BigInteger::square (89 bytes)
Event: 3.573 Thread 0x000001a4e5ffa2a0 nmethod 4743 0x000001a4d20f0308 code [0x000001a4d20f0400, 0x000001a4d20f0820]
Event: 3.573 Thread 0x000001a4e5ffa2a0 4744       2       java.math.BigInteger::shiftLeft (48 bytes)
Event: 3.574 Thread 0x000001a4e5ffa2a0 nmethod 4744 0x000001a4d20f0888 code [0x000001a4d20f0980, 0x000001a4d20f0c18]
Event: 3.574 Thread 0x000001a4e5ffa2a0 4746 %     3       java.math.BigInteger::implSquareToLen @ 9 (154 bytes)
Event: 3.574 Thread 0x000001a4e5ffa2a0 nmethod 4746% 0x000001a4d20f0c88 code [0x000001a4d20f0d80, 0x000001a4d20f1358]
Event: 3.574 Thread 0x000001a4e5ffa2a0 4747       3       java.math.BigInteger::shiftLeftImplWorker (43 bytes)
Event: 3.574 Thread 0x000001a4e5ffa2a0 nmethod 4747 0x000001a4d20f1388 code [0x000001a4d20f1480, 0x000001a4d20f16a0]
Event: 3.574 Thread 0x000001a4e5ffa2a0 4745       2       java.math.BigInteger::shiftLeft (155 bytes)
Event: 3.574 Thread 0x000001a4e5ffa2a0 nmethod 4745 0x000001a4d20f1708 code [0x000001a4d20f1800, 0x000001a4d20f1e48]

GC Heap Usage History (8 events):
Event: 1.108 {heap Before GC invocations=0 (full 0):
 garbage-first heap   total reserved 1925120K, committed 122880K, used 51347K [0x000000008a800000, 0x0000000100000000)
  region size 1024K, 47 young (48128K), 0 survivors (0K)
}
Event: 1.117 {heap After GC invocations=1 (full 0):
 garbage-first heap   total reserved 1925120K, committed 122880K, used 10323K [0x000000008a800000, 0x0000000100000000)
  region size 1024K, 6 young (6144K), 6 survivors (6144K)
}
Event: 1.747 {heap Before GC invocations=1 (full 0):
 garbage-first heap   total reserved 1925120K, committed 122880K, used 51283K [0x000000008a800000, 0x0000000100000000)
  region size 1024K, 47 young (48128K), 6 survivors (6144K)
}
Event: 1.759 {heap After GC invocations=2 (full 0):
 garbage-first heap   total reserved 1925120K, committed 122880K, used 15035K [0x000000008a800000, 0x0000000100000000)
  region size 1024K, 5 young (5120K), 5 survivors (5120K)
}
Event: 2.822 {heap Before GC invocations=3 (full 0):
 garbage-first heap   total reserved 1925120K, committed 55296K, used 53947K [0x000000008a800000, 0x0000000100000000)
  region size 1024K, 43 young (44032K), 5 survivors (5120K)
}
Event: 2.834 {heap After GC invocations=4 (full 0):
 garbage-first heap   total reserved 1925120K, committed 64512K, used 18707K [0x000000008a800000, 0x0000000100000000)
  region size 1024K, 4 young (4096K), 4 survivors (4096K)
}
Event: 3.488 {heap Before GC invocations=4 (full 0):
 garbage-first heap   total reserved 1925120K, committed 64512K, used 45331K [0x000000008a800000, 0x0000000100000000)
  region size 1024K, 30 young (30720K), 4 survivors (4096K)
}
Event: 3.492 {heap After GC invocations=5 (full 0):
 garbage-first heap   total reserved 1925120K, committed 64512K, used 20395K [0x000000008a800000, 0x0000000100000000)
  region size 1024K, 3 young (3072K), 3 survivors (3072K)
}

Metaspace Usage History (8 events):
Event: 1.108 {metaspace Before GC invocations=0 (full 0):
 Metaspace       used 12546K, committed 12800K, reserved 1114112K
  class space    used 1313K, committed 1408K, reserved 1048576K
}
Event: 1.117 {metaspace After GC invocations=1 (full 0):
 Metaspace       used 12546K, committed 12800K, reserved 1114112K
  class space    used 1313K, committed 1408K, reserved 1048576K
}
Event: 1.747 {metaspace Before GC invocations=1 (full 0):
 Metaspace       used 21292K, committed 21504K, reserved 1114112K
  class space    used 2070K, committed 2176K, reserved 1048576K
}
Event: 1.759 {metaspace After GC invocations=2 (full 0):
 Metaspace       used 21292K, committed 21504K, reserved 1114112K
  class space    used 2070K, committed 2176K, reserved 1048576K
}
Event: 2.822 {metaspace Before GC invocations=3 (full 0):
 Metaspace       used 27563K, committed 27840K, reserved 1114112K
  class space    used 2813K, committed 2944K, reserved 1048576K
}
Event: 2.834 {metaspace After GC invocations=4 (full 0):
 Metaspace       used 27563K, committed 27840K, reserved 1114112K
  class space    used 2813K, committed 2944K, reserved 1048576K
}
Event: 3.488 {metaspace Before GC invocations=4 (full 0):
 Metaspace       used 33032K, committed 33408K, reserved 1114112K
  class space    used 3345K, committed 3520K, reserved 1048576K
}
Event: 3.492 {metaspace After GC invocations=5 (full 0):
 Metaspace       used 33032K, committed 33408K, reserved 1114112K
  class space    used 3345K, committed 3520K, reserved 1048576K
}

Dll operation events (8 events):
Event: 0.013 Loaded shared library C:\Program Files\Apache NetBeans\jdk\bin\java.dll
Event: 0.178 Loaded shared library C:\Program Files\Apache NetBeans\jdk\bin\net.dll
Event: 0.179 Loaded shared library C:\Program Files\Apache NetBeans\jdk\bin\nio.dll
Event: 0.184 Loaded shared library C:\Program Files\Apache NetBeans\jdk\bin\zip.dll
Event: 0.296 Loaded shared library C:\Program Files\Apache NetBeans\jdk\bin\jimage.dll
Event: 1.452 Loaded shared library C:\Program Files\Apache NetBeans\jdk\bin\sunmscapi.dll
Event: 3.065 Loaded shared library C:\Program Files\Apache NetBeans\jdk\bin\management.dll
Event: 3.069 Loaded shared library C:\Program Files\Apache NetBeans\jdk\bin\management_ext.dll

Deoptimization events (20 events):
Event: 3.543 Thread 0x000001a4c68af930 DEOPT PACKING pc=0x000001a4d19dd011 sp=0x00000086ef1fd350
Event: 3.544 Thread 0x000001a4c68af930 DEOPT UNPACKING pc=0x000001a4d8ea1702 sp=0x00000086ef1fc7f8 mode 1
Event: 3.544 Thread 0x000001a4c68af930 DEOPT PACKING pc=0x000001a4d19dcc24 sp=0x00000086ef1fd3b0
Event: 3.544 Thread 0x000001a4c68af930 DEOPT UNPACKING pc=0x000001a4d8ea1702 sp=0x00000086ef1fc858 mode 1
Event: 3.544 Thread 0x000001a4c68af930 DEOPT PACKING pc=0x000001a4d1ab0d04 sp=0x00000086ef1fdce0
Event: 3.544 Thread 0x000001a4c68af930 DEOPT UNPACKING pc=0x000001a4d8ea1702 sp=0x00000086ef1fd1a8 mode 1
Event: 3.564 Thread 0x000001a4c68af930 DEOPT PACKING pc=0x000001a4d20e5507 sp=0x00000086ef1fc6d0
Event: 3.564 Thread 0x000001a4c68af930 DEOPT UNPACKING pc=0x000001a4d8ea1702 sp=0x00000086ef1fbb38 mode 0
Event: 3.571 Thread 0x000001a4c68af930 DEOPT PACKING pc=0x000001a4d20eaa2c sp=0x00000086ef1fc3e0
Event: 3.571 Thread 0x000001a4c68af930 DEOPT UNPACKING pc=0x000001a4d8ea1702 sp=0x00000086ef1fb8a0 mode 0
Event: 3.572 Thread 0x000001a4c68af930 DEOPT PACKING pc=0x000001a4d20ebd58 sp=0x00000086ef1fc880
Event: 3.572 Thread 0x000001a4c68af930 DEOPT UNPACKING pc=0x000001a4d8ea1702 sp=0x00000086ef1fbd08 mode 0
Event: 3.574 Thread 0x000001a4c68af930 DEOPT PACKING pc=0x000001a4d20eb8e1 sp=0x00000086ef1fc7a0
Event: 3.574 Thread 0x000001a4c68af930 DEOPT UNPACKING pc=0x000001a4d8ea1702 sp=0x00000086ef1fbc48 mode 0
Event: 3.613 Thread 0x000001a4c68af930 DEOPT PACKING pc=0x000001a4d19dd011 sp=0x00000086ef1fd2e0
Event: 3.613 Thread 0x000001a4c68af930 DEOPT UNPACKING pc=0x000001a4d8ea1702 sp=0x00000086ef1fc788 mode 1
Event: 4.613 Thread 0x000001a4c68af930 DEOPT PACKING pc=0x000001a4d19dcc24 sp=0x00000086ef1fd340
Event: 4.613 Thread 0x000001a4c68af930 DEOPT UNPACKING pc=0x000001a4d8ea1702 sp=0x00000086ef1fc7e8 mode 1
Event: 4.613 Thread 0x000001a4c68af930 DEOPT PACKING pc=0x000001a4d1ab0d04 sp=0x00000086ef1fdc70
Event: 4.613 Thread 0x000001a4c68af930 DEOPT UNPACKING pc=0x000001a4d8ea1702 sp=0x00000086ef1fd138 mode 1

Classes loaded (20 events):
Event: 3.218 Loading class java/util/concurrent/Executors$DelegatedExecutorService done
Event: 3.218 Loading class java/util/concurrent/Executors$AutoShutdownDelegatedExecutorService done
Event: 3.270 Loading class java/lang/invoke/BoundMethodHandle$Species_LLLLLL
Event: 3.270 Loading class java/lang/invoke/BoundMethodHandle$Species_LLLLLL done
Event: 3.295 Loading class javax/naming/Referenceable
Event: 3.295 Loading class javax/naming/Referenceable done
Event: 3.339 Loading class java/lang/instrument/ClassFileTransformer
Event: 3.339 Loading class java/lang/instrument/ClassFileTransformer done
Event: 3.370 Loading class java/lang/invoke/BoundMethodHandle$Species_LLLLLLL
Event: 3.370 Loading class java/lang/invoke/BoundMethodHandle$Species_LLLLLLL done
Event: 3.544 Loading class java/util/UUID$Holder
Event: 3.544 Loading class java/util/UUID$Holder done
Event: 3.545 Loading class jdk/internal/util/ByteArrayLittleEndian
Event: 3.545 Loading class jdk/internal/util/ByteArrayLittleEndian done
Event: 3.563 Loading class java/math/BigInteger$RecursiveOp
Event: 3.563 Loading class java/util/concurrent/RecursiveTask
Event: 3.564 Loading class java/util/concurrent/RecursiveTask done
Event: 3.564 Loading class java/math/BigInteger$RecursiveOp done
Event: 3.564 Loading class java/math/BigInteger$RecursiveOp$RecursiveSquare
Event: 3.564 Loading class java/math/BigInteger$RecursiveOp$RecursiveSquare done

Classes unloaded (0 events):
No events

Classes redefined (0 events):
No events

Internal exceptions (20 events):
Event: 2.795 Thread 0x000001a4c68af930 Exception <a 'java/lang/NoSuchMethodError'{0x000000008b4dec50}: 'void java.lang.invoke.DirectMethodHandle$Holder.invokeStatic(java.lang.Object, int, java.lang.Object)'> (0x000000008b4dec50) 
thrown [s\src\hotspot\share\interpreter\linkResolver.cpp, line 804]
Event: 2.801 Thread 0x000001a4c68af930 Exception <a 'java/lang/NoSuchMethodError'{0x000000008b365c00}: 'void java.lang.invoke.DirectMethodHandle$Holder.invokeStatic(java.lang.Object, java.lang.Object, java.lang.Object, int, java.lang.Object)'> (0x000000008b365c00) 
thrown [s\src\hotspot\share\interpreter\linkResolver.cpp, line 804]
Event: 2.886 Thread 0x000001a4c68af930 Exception <a 'java/lang/NoSuchMethodError'{0x000000008f389e68}: 'java.lang.Object java.lang.invoke.DirectMethodHandle$Holder.invokeStaticInit(java.lang.Object, int, int, int, int)'> (0x000000008f389e68) 
thrown [s\src\hotspot\share\interpreter\linkResolver.cpp, line 804]
Event: 2.911 Thread 0x000001a4c68af930 Exception <a 'java/lang/NoSuchMethodError'{0x000000008f259508}: 'java.lang.Object java.lang.invoke.DirectMethodHandle$Holder.invokeStaticInit(java.lang.Object, java.lang.Object, int, int, int, int)'> (0x000000008f259508) 
thrown [s\src\hotspot\share\interpreter\linkResolver.cpp, line 804]
Event: 3.009 Thread 0x000001a4c68af930 Exception <a 'java/lang/NoSuchMethodError'{0x000000008d59d6a8}: 'int java.lang.invoke.DirectMethodHandle$Holder.invokeVirtual(java.lang.Object, java.lang.Object, java.lang.Object, java.lang.Object)'> (0x000000008d59d6a8) 
thrown [s\src\hotspot\share\interpreter\linkResolver.cpp, line 804]
Event: 3.032 Thread 0x000001a4c68af930 Exception <a 'java/io/IOException'{0x000000008d467a50}> (0x000000008d467a50) 
thrown [s\src\hotspot\share\prims\jni.cpp, line 516]
Event: 3.033 Thread 0x000001a4c68af930 Exception <a 'java/io/IOException'{0x000000008d468170}> (0x000000008d468170) 
thrown [s\src\hotspot\share\prims\jni.cpp, line 516]
Event: 3.033 Thread 0x000001a4c68af930 Exception <a 'java/io/IOException'{0x000000008d468880}> (0x000000008d468880) 
thrown [s\src\hotspot\share\prims\jni.cpp, line 516]
Event: 3.057 Thread 0x000001a4c68af930 Exception <a 'java/io/IOException'{0x000000008d306908}> (0x000000008d306908) 
thrown [s\src\hotspot\share\prims\jni.cpp, line 516]
Event: 3.058 Thread 0x000001a4c68af930 Exception <a 'java/io/IOException'{0x000000008d30a330}> (0x000000008d30a330) 
thrown [s\src\hotspot\share\prims\jni.cpp, line 516]
Event: 3.085 Thread 0x000001a4c68af930 Exception <a 'java/io/FileNotFoundException'{0x000000008d37dd68}> (0x000000008d37dd68) 
thrown [s\src\hotspot\share\prims\jni.cpp, line 516]
Event: 3.120 Thread 0x000001a4c68af930 Exception <a 'java/lang/NoSuchMethodError'{0x000000008d2e2b40}: 'int java.lang.invoke.DirectMethodHandle$Holder.invokeInterface(java.lang.Object, java.lang.Object, java.lang.Object, java.lang.Object)'> (0x000000008d2e2b40) 
thrown [s\src\hotspot\share\interpreter\linkResolver.cpp, line 804]
Event: 3.169 Thread 0x000001a4c68af930 Exception <a 'java/lang/NoSuchMethodError'{0x000000008d0f02a8}: 'long java.lang.invoke.DirectMethodHandle$Holder.invokeVirtual(java.lang.Object, java.lang.Object)'> (0x000000008d0f02a8) 
thrown [s\src\hotspot\share\interpreter\linkResolver.cpp, line 804]
Event: 3.232 Thread 0x000001a4c68af930 Exception <a 'java/lang/NoSuchMethodError'{0x000000008cb00670}: 'void java.lang.invoke.DirectMethodHandle$Holder.invokeVirtual(java.lang.Object, java.lang.Object, long)'> (0x000000008cb00670) 
thrown [s\src\hotspot\share\interpreter\linkResolver.cpp, line 804]
Event: 3.233 Thread 0x000001a4c68af930 Exception <a 'java/lang/NoSuchMethodError'{0x000000008cb18b08}: 'long java.lang.invoke.DelegatingMethodHandle$Holder.reinvoke_L(java.lang.Object, java.lang.Object, int)'> (0x000000008cb18b08) 
thrown [s\src\hotspot\share\interpreter\linkResolver.cpp, line 804]
Event: 3.234 Thread 0x000001a4c68af930 Exception <a 'java/lang/NoSuchMethodError'{0x000000008cb30cd8}: 'void java.lang.invoke.DelegatingMethodHandle$Holder.reinvoke_L(java.lang.Object, java.lang.Object, long)'> (0x000000008cb30cd8) 
thrown [s\src\hotspot\share\interpreter\linkResolver.cpp, line 804]
Event: 3.268 Thread 0x000001a4c68af930 Exception <a 'java/lang/NoSuchMethodError'{0x000000008c941ad0}: 'java.lang.Object java.lang.invoke.DirectMethodHandle$Holder.newInvokeSpecial(java.lang.Object, java.lang.Object, java.lang.Object, java.lang.Object, java.lang.Object, java.lang.Object, java.lang.Object, java.lang.Object, java.lang.Object, java.lang.Object, java.lang.Object)'> (0x000000008c941ad0) 
thrown [s\src\hotspot\share\interpreter\linkResolver.cpp, line 804]
Event: 3.271 Thread 0x000001a4c68af930 Exception <a 'java/lang/NoSuchMethodError'{0x000000008c985188}: 'java.lang.Object java.lang.invoke.DirectMethodHandle$Holder.invokeStatic(java.lang.Object, java.lang.Object, java.lang.Object, java.lang.Object, java.lang.Object, java.lang.Object, java.lang.Object, java.lang.Object, java.lang.Object)'> (0x000000008c985188) 
thrown [s\src\hotspot\share\interpreter\linkResolver.cpp, line 804]
Event: 3.368 Thread 0x000001a4c68af930 Exception <a 'java/lang/NoSuchMethodError'{0x000000008c68f708}: 'void java.lang.invoke.DelegatingMethodHandle$Holder.reinvoke_L(java.lang.Object, java.lang.Object, java.lang.Object, java.lang.Object, int, java.lang.Object, java.lang.Object, java.lang.Object)'> (0x000000008c68f708) 
thrown [s\src\hotspot\share\interpreter\linkResolver.cpp, line 804]
Event: 3.370 Thread 0x000001a4c68af930 Exception <a 'java/lang/NoSuchMethodError'{0x000000008c6e35e8}: 'java.lang.Object java.lang.invoke.DirectMethodHandle$Holder.invokeStatic(java.lang.Object, java.lang.Object, java.lang.Object, java.lang.Object, java.lang.Object, java.lang.Object, java.lang.Object, java.lang.Object, java.lang.Object, java.lang.Object)'> (0x000000008c6e35e8) 
thrown [s\src\hotspot\share\interpreter\linkResolver.cpp, line 804]

VM Operations (20 events):
Event: 3.046 Executing non-safepoint VM operation: HandshakeAllThreads (Deoptimize)
Event: 3.046 Executing non-safepoint VM operation: HandshakeAllThreads (Deoptimize) done
Event: 3.077 Executing non-safepoint VM operation: HandshakeAllThreads (Deoptimize)
Event: 3.077 Executing non-safepoint VM operation: HandshakeAllThreads (Deoptimize) done
Event: 3.142 Executing non-safepoint VM operation: HandshakeAllThreads (Deoptimize)
Event: 3.142 Executing non-safepoint VM operation: HandshakeAllThreads (Deoptimize) done
Event: 3.142 Executing non-safepoint VM operation: HandshakeAllThreads (Deoptimize)
Event: 3.142 Executing non-safepoint VM operation: HandshakeAllThreads (Deoptimize) done
Event: 3.177 Executing non-safepoint VM operation: HandshakeAllThreads (Deoptimize)
Event: 3.177 Executing non-safepoint VM operation: HandshakeAllThreads (Deoptimize) done
Event: 3.263 Executing non-safepoint VM operation: HandshakeAllThreads (Deoptimize)
Event: 3.263 Executing non-safepoint VM operation: HandshakeAllThreads (Deoptimize) done
Event: 3.437 Executing non-safepoint VM operation: HandshakeAllThreads (Deoptimize)
Event: 3.437 Executing non-safepoint VM operation: HandshakeAllThreads (Deoptimize) done
Event: 3.438 Executing non-safepoint VM operation: HandshakeAllThreads (Deoptimize)
Event: 3.438 Executing non-safepoint VM operation: HandshakeAllThreads (Deoptimize) done
Event: 3.439 Executing non-safepoint VM operation: HandshakeAllThreads (Deoptimize)
Event: 3.439 Executing non-safepoint VM operation: HandshakeAllThreads (Deoptimize) done
Event: 3.488 Executing safepoint VM operation: G1CollectForAllocation (G1 Evacuation Pause)
Event: 3.492 Executing safepoint VM operation: G1CollectForAllocation (G1 Evacuation Pause) done

Memory protections (0 events):
No events

Nmethod flushes (0 events):
No events

Events (20 events):
Event: 0.035 Thread 0x000001a4c68af930 Thread added: 0x000001a4c8ec5be0
Event: 0.035 Thread 0x000001a4c68af930 Thread added: 0x000001a4e5fd1d80
Event: 0.035 Thread 0x000001a4c68af930 Thread added: 0x000001a4e5fd15b0
Event: 0.035 Thread 0x000001a4c68af930 Thread added: 0x000001a4e5fd2550
Event: 0.035 Thread 0x000001a4c68af930 Thread added: 0x000001a4e5fe6d00
Event: 0.035 Thread 0x000001a4c68af930 Thread added: 0x000001a4e5ffa2a0
Event: 0.087 Thread 0x000001a4c68af930 Thread added: 0x000001a4e60d7f70
Event: 0.087 Thread 0x000001a4c68af930 Thread added: 0x000001a4e60d8b50
Event: 0.088 Thread 0x000001a4e60d7f70 Thread added: 0x000001a4e60db870
Event: 0.169 Thread 0x000001a4c68af930 Thread added: 0x000001a4e5fd5c00
Event: 0.173 Thread 0x000001a4c68af930 Thread added: 0x000001a4e5fd6ba0
Event: 0.192 Thread 0x000001a4e5ffa2a0 Thread added: 0x000001a4e5ff7a50
Event: 0.884 Thread 0x000001a4c68af930 Thread added: 0x000001a4e61d55f0
Event: 1.323 Thread 0x000001a4c68af930 Thread added: 0x000001a4eb81e540
Event: 1.345 Thread 0x000001a4eb81e540 Thread exited: 0x000001a4eb81e540
Event: 1.457 Thread 0x000001a4e61d55f0 Thread exited: 0x000001a4e61d55f0
Event: 3.183 Thread 0x000001a4c68af930 Thread added: 0x000001a4ec0fb6b0
Event: 3.184 Thread 0x000001a4ec0fb6b0 Thread added: 0x000001a4ec0fddc0
Event: 3.189 Thread 0x000001a4c68af930 Thread added: 0x000001a4ec0fc650
Event: 3.219 Thread 0x000001a4c68af930 Thread added: 0x000001a4ef12a380


Dynamic libraries:
0x00007ff7a6910000 - 0x00007ff7a691e000 	C:\Program Files\Apache NetBeans\jdk\bin\java.exe
0x00007ffbacf20000 - 0x00007ffbad187000 	C:\WINDOWS\SYSTEM32\ntdll.dll
0x00007ffbab740000 - 0x00007ffbab809000 	C:\WINDOWS\System32\KERNEL32.DLL
0x00007ffbaa2b0000 - 0x00007ffbaa69f000 	C:\WINDOWS\System32\KERNELBASE.dll
0x00007ffbaab70000 - 0x00007ffbaacbb000 	C:\WINDOWS\System32\ucrtbase.dll
0x00007ffba40d0000 - 0x00007ffba40ee000 	C:\Program Files\Apache NetBeans\jdk\bin\VCRUNTIME140.dll
0x00007ffb9b8c0000 - 0x00007ffb9b8d6000 	C:\Program Files\Apache NetBeans\jdk\bin\jli.dll
0x00007ffbab810000 - 0x00007ffbab9d5000 	C:\WINDOWS\System32\USER32.dll
0x00007ffbaa950000 - 0x00007ffbaa977000 	C:\WINDOWS\System32\win32u.dll
0x00007ffba9270000 - 0x00007ffba9503000 	C:\WINDOWS\WinSxS\amd64_microsoft.windows.common-controls_6595b64144ccf1df_6.0.26100.7309_none_3e05feeae336a044\COMCTL32.dll
0x00007ffbab9e0000 - 0x00007ffbaba0b000 	C:\WINDOWS\System32\GDI32.dll
0x00007ffbab390000 - 0x00007ffbab439000 	C:\WINDOWS\System32\msvcrt.dll
0x00007ffbaa6b0000 - 0x00007ffbaa7dc000 	C:\WINDOWS\System32\gdi32full.dll
0x00007ffbaaac0000 - 0x00007ffbaab63000 	C:\WINDOWS\System32\msvcp_win.dll
0x00007ffbaaf40000 - 0x00007ffbaaf71000 	C:\WINDOWS\System32\IMM32.DLL
0x00007ffba4130000 - 0x00007ffba413c000 	C:\Program Files\Apache NetBeans\jdk\bin\vcruntime140_1.dll
0x00007ffb40160000 - 0x00007ffb401ed000 	C:\Program Files\Apache NetBeans\jdk\bin\msvcp140.dll
0x00007ffa84fd0000 - 0x00007ffa85ef6000 	C:\Program Files\Apache NetBeans\jdk\bin\server\jvm.dll
0x00007ffbaae70000 - 0x00007ffbaaf24000 	C:\WINDOWS\System32\ADVAPI32.dll
0x00007ffbaadc0000 - 0x00007ffbaae66000 	C:\WINDOWS\System32\sechost.dll
0x00007ffbab440000 - 0x00007ffbab558000 	C:\WINDOWS\System32\RPCRT4.dll
0x00007ffbabad0000 - 0x00007ffbabb44000 	C:\WINDOWS\System32\WS2_32.dll
0x00007ffba9ed0000 - 0x00007ffba9f2e000 	C:\WINDOWS\SYSTEM32\POWRPROF.dll
0x00007ffba22a0000 - 0x00007ffba22d5000 	C:\WINDOWS\SYSTEM32\WINMM.dll
0x00007ffba22e0000 - 0x00007ffba22eb000 	C:\WINDOWS\SYSTEM32\VERSION.dll
0x00007ffba9eb0000 - 0x00007ffba9ec4000 	C:\WINDOWS\SYSTEM32\UMPDC.dll
0x00007ffba84f0000 - 0x00007ffba850b000 	C:\WINDOWS\SYSTEM32\kernel.appcore.dll
0x00007ffba2f50000 - 0x00007ffba2f5a000 	C:\Program Files\Apache NetBeans\jdk\bin\jimage.dll
0x00007ffba9840000 - 0x00007ffba9a82000 	C:\WINDOWS\SYSTEM32\DBGHELP.DLL
0x00007ffbabb50000 - 0x00007ffbabed5000 	C:\WINDOWS\System32\combase.dll
0x00007ffbab010000 - 0x00007ffbab0e6000 	C:\WINDOWS\System32\OLEAUT32.dll
0x00007ffba9710000 - 0x00007ffba974c000 	C:\WINDOWS\SYSTEM32\dbgcore.DLL
0x00007ffbaa980000 - 0x00007ffbaaa25000 	C:\WINDOWS\System32\bcryptPrimitives.dll
0x00007ffb9fed0000 - 0x00007ffb9ff0d000 	C:\Program Files\Apache NetBeans\jdk\bin\jdwp.dll
0x00007ffb9ed80000 - 0x00007ffb9ed9e000 	C:\Program Files\Apache NetBeans\jdk\bin\java.dll
0x00007ffbac7f0000 - 0x00007ffbac987000 	C:\WINDOWS\System32\ole32.dll
0x00007ffbabee0000 - 0x00007ffbac633000 	C:\WINDOWS\System32\SHELL32.dll
0x00007ffbaa7e0000 - 0x00007ffbaa94a000 	C:\WINDOWS\System32\wintypes.dll
0x00007ffba7210000 - 0x00007ffba7a6e000 	C:\WINDOWS\SYSTEM32\windows.storage.dll
0x00007ffbaacc0000 - 0x00007ffbaadb5000 	C:\WINDOWS\System32\SHCORE.dll
0x00007ffbac9a0000 - 0x00007ffbaca06000 	C:\WINDOWS\System32\shlwapi.dll
0x00007ffba9f90000 - 0x00007ffba9fb9000 	C:\WINDOWS\SYSTEM32\profapi.dll
0x00007ffba2f40000 - 0x00007ffba2f4c000 	C:\Program Files\Apache NetBeans\jdk\bin\dt_socket.dll
0x00007ffba7fe0000 - 0x00007ffba8014000 	C:\WINDOWS\SYSTEM32\IPHLPAPI.DLL
0x00007ffba8a90000 - 0x00007ffba8afb000 	C:\WINDOWS\system32\mswsock.dll
0x00007ffb71590000 - 0x00007ffb715a1000 	C:\Program Files\Apache NetBeans\jdk\bin\net.dll
0x00007ffb6fef0000 - 0x00007ffb6ff06000 	C:\Program Files\Apache NetBeans\jdk\bin\nio.dll
0x00007ffb98830000 - 0x00007ffb98847000 	C:\Program Files\Apache NetBeans\jdk\bin\zip.dll
0x00007ffb6a430000 - 0x00007ffb6a43e000 	C:\Program Files\Apache NetBeans\jdk\bin\sunmscapi.dll
0x00007ffbaa070000 - 0x00007ffbaa1e7000 	C:\WINDOWS\System32\CRYPT32.dll
0x00007ffba9130000 - 0x00007ffba9160000 	C:\WINDOWS\SYSTEM32\ncrypt.dll
0x00007ffba9020000 - 0x00007ffba905f000 	C:\WINDOWS\SYSTEM32\NTASN1.dll
0x00007ffba9b90000 - 0x00007ffba9bab000 	C:\WINDOWS\SYSTEM32\CRYPTSP.dll
0x00007ffba8610000 - 0x00007ffba864a000 	C:\WINDOWS\system32\rsaenh.dll
0x00007ffba8b40000 - 0x00007ffba8b6b000 	C:\WINDOWS\SYSTEM32\USERENV.dll
0x00007ffba9f60000 - 0x00007ffba9f8a000 	C:\WINDOWS\SYSTEM32\bcrypt.dll
0x00007ffba8d50000 - 0x00007ffba8d5c000 	C:\WINDOWS\SYSTEM32\CRYPTBASE.dll
0x00007ffbaced0000 - 0x00007ffbaceda000 	C:\WINDOWS\System32\NSI.dll
0x00007ffb741c0000 - 0x00007ffb741ca000 	C:\Program Files\Apache NetBeans\jdk\bin\management.dll
0x00007ffb74190000 - 0x00007ffb7419c000 	C:\Program Files\Apache NetBeans\jdk\bin\management_ext.dll
0x00007ffbac990000 - 0x00007ffbac998000 	C:\WINDOWS\System32\PSAPI.DLL

JVMTI agents:
jdwp path:C:\Program Files\Apache NetBeans\jdk\bin\jdwp.dll, loaded, initialized, options:transport=dt_socket,server=n,address=59530

dbghelp: loaded successfully - version: 4.0.5 - missing functions: none
symbol engine: initialized successfully - sym options: 0x614 - pdb path: .;C:\Program Files\Apache NetBeans\jdk\bin;C:\WINDOWS\SYSTEM32;C:\WINDOWS\WinSxS\amd64_microsoft.windows.common-controls_6595b64144ccf1df_6.0.26100.7309_none_3e05feeae336a044;C:\Program Files\Apache NetBeans\jdk\bin\server

VM Arguments:
jvm_args: -agentlib:jdwp=transport=dt_socket,server=n,address=59530 
java_command: com.scc.smart_campus.SmartCampusApplication
java_class_path (initial): C:\Users\darsh\Downloads\smart-campus\smart-campus\target\classes;C:\Users\darsh\.m2\repository\org\springframework\boot\spring-boot-starter-web\3.4.1\spring-boot-starter-web-3.4.1.jar;C:\Users\darsh\.m2\repository\org\springframework\boot\spring-boot-starter\3.4.1\spring-boot-starter-3.4.1.jar;C:\Users\darsh\.m2\repository\org\springframework\boot\spring-boot\3.4.1\spring-boot-3.4.1.jar;C:\Users\darsh\.m2\repository\org\springframework\boot\spring-boot-autoconfigure\3.4.1\spring-boot-autoconfigure-3.4.1.jar;C:\Users\darsh\.m2\repository\org\springframework\boot\spring-boot-starter-logging\3.4.1\spring-boot-starter-logging-3.4.1.jar;C:\Users\darsh\.m2\repository\ch\qos\logback\logback-classic\1.5.12\logback-classic-1.5.12.jar;C:\Users\darsh\.m2\repository\ch\qos\logback\logback-core\1.5.12\logback-core-1.5.12.jar;C:\Users\darsh\.m2\repository\org\apache\logging\log4j\log4j-to-slf4j\2.24.3\log4j-to-slf4j-2.24.3.jar;C:\Users\darsh\.m2\repository\org\apache\logging\log4j\log4j-api\2.24.3\log4j-api-2.24.3.jar;C:\Users\darsh\.m2\repository\org\slf4j\jul-to-slf4j\2.0.16\jul-to-slf4j-2.0.16.jar;C:\Users\darsh\.m2\repository\jakarta\annotation\jakarta.annotation-api\2.1.1\jakarta.annotation-api-2.1.1.jar;C:\Users\darsh\.m2\repository\org\yaml\snakeyaml\2.3\snakeyaml-2.3.jar;C:\Users\darsh\.m2\repository\org\springframework\boot\spring-boot-starter-json\3.4.1\spring-boot-starter-json-3.4.1.jar;C:\Users\darsh\.m2\repository\com\fasterxml\jackson\core\jackson-databind\2.18.2\jackson-databind-2.18.2.jar;C:\Users\darsh\.m2\repository\com\fasterxml\jackson\core\jackson-annotations\2.18.2\jackson-annotations-2.18.2.jar;C:\Users\darsh\.m2\repository\com\fasterxml\jackson\core\jackson-core\2.18.2\jackson-core-2.18.2.jar;C:\Users\darsh\.m2\repository\com\fasterxml\jackson\datatype\jackson-datatype-jdk8\2.18.2\jackson-datatype-jdk8-2.18.2.jar;C:\Users\darsh\.m2\repository\com\fasterxml\jackson\datatype\jackson-datatype-jsr310\2.18.2\jackson-datatype-jsr310-2.18.2.jar;C:\Users\darsh\.m2\repository\com\fasterxml\jackson\module\jackson-module-parameter-names\2.18.2\jackson-module-parameter-names-2.18.2.jar;C:\Users\darsh\.m2\repository\org\springframework\boot\spring-boot-starter-tomcat\3.4.1\spring-boot-starter-tomcat-3.4.1.jar;C:\Users\darsh\.m2\repository\org\apache\tomcat\embed\tomcat-embed-core\10.1.34\tomcat-embed-core-10.1.34.jar;C:\Users\darsh\.m2\repository\org\apache\tomcat\embed\tomcat-embed-websocket\10.1.34\tomcat-embed-websocket-10.1.34.jar;C:\Users\darsh\.m2\repository\org\springframework\spring-web\6.2.1\spring-web-6.2.1.jar;C:\Users\darsh\.m2\repository\org\springframework\spring-beans\6.2.1\spring-beans-6.2.1.jar;C:\Users\darsh\.m2\repository\io\micrometer\micrometer-observation\1.14.2\micrometer-observation-1.14.2.jar;C:\Users\darsh\.m2\repository\io\micrometer\micrometer-commons\1.14.2\micrometer-commons-1.14.2.jar;C:\Users\darsh\.m2\repository\org\springframework\spring-webmvc\6.2.1\spring-webmvc-6.2.1.jar;C:\Users\darsh\.m2\repository\org\springframework\spring-aop\6.2.1\spring-aop-6.2.1.jar;C:\Users\darsh\.m2\repository\org\springframework\spring-context\6.2.1\spring-context-6.2.1.jar;C:\Users\darsh\.m2\repository\org\springframework\spring-expression\6.2.1\spring-expression-6.2.1.jar;C:\Users\darsh\.m2\repository\org\springframework\boot\spring-boot-starter-data-jpa\3.4.1\spring-boot-starter-data-jpa-3.4.1.jar;C:\Users\darsh\.m2\repository\org\springframework\boot\spring-boot-starter-jdbc\3.4.1\spring-boot-starter-jdbc-3.4.1.jar;C:\Users\darsh\.m2\repository\com\zaxxer\HikariCP\5.1.0\HikariCP-5.1.0.jar;C:\Users\darsh\.m2\repository\org\springframework\spring-jdbc\6.2.1\spring-jdbc-6.2.1.jar;C:\Users\darsh\.m2\repository\org\hibernate\orm\hibernate-core\6.6.4.Final\hibernate-core-6.6.4.Final.jar;C:\Users\darsh\.m2\repository\jakarta\persistence\jakarta.persistence-api\3.1.0\jakarta.persistence-api-3.1.0.jar;C:\Users\darsh\.m2\repository\jakarta\transaction\jakarta.transaction-api\2.0.1\jakarta.transaction-api-2.0.1.jar;C:\Users\darsh\.m2\repository\org\jboss\logging\jboss-logging\3.6.1.Final\jboss-logging-3.6.1.Final.jar;C:\Users\darsh\.m2\repository\org\hibernate\common\hibernate-commons-annotations\7.0.3.Final\hibernate-commons-annotations-7.0.3.Final.jar;C:\Users\darsh\.m2\repository\io\smallrye\jandex\3.2.0\jandex-3.2.0.jar;C:\Users\darsh\.m2\repository\com\fasterxml\classmate\1.7.0\classmate-1.7.0.jar;C:\Users\darsh\.m2\repository\net\bytebuddy\byte-buddy\1.15.11\byte-buddy-1.15.11.jar;C:\Users\darsh\.m2\repository\org\glassfish\jaxb\jaxb-runtime\4.0.5\jaxb-runtime-4.0.5.jar;C:\Users\darsh\.m2\repository\org\glassfish\jaxb\jaxb-core\4.0.5\jaxb-core-4.0.5.jar;C:\Users\darsh\.m2\repository\org\glassfish\jaxb\txw2\4.0.5\txw2-4.0.5.jar;C:\Users\darsh\.m2\repository\com\sun\istack\istack-commons-runtime\4.1.2\istack-commons-runtime-4.1.2.jar;C:\Users\darsh\.m2\repository\jakarta\inject\jakarta.inject-api\2.0.1\jakarta.inject-api-2.0.1.jar;C:\Users\darsh\.m2\repository\org\antlr\antlr4-runtime\4.13.0\antlr4-runtime-4.13.0.jar;C:\Users\darsh\.m2\repository\org\springframework\data\spring-data-jpa\3.4.1\spring-data-jpa-3.4.1.jar;C:\Users\darsh\.m2\repository\org\springframework\data\spring-data-commons\3.4.1\spring-data-commons-3.4.1.jar;C:\Users\darsh\.m2\repository\org\springframework\spring-orm\6.2.1\spring-orm-6.2.1.jar;C:\Users\darsh\.m2\repository\org\springframework\spring-tx\6.2.1\spring-tx-6.2.1.jar;C:\Users\darsh\.m2\repository\org\slf4j\slf4j-api\2.0.16\slf4j-api-2.0.16.jar;C:\Users\darsh\.m2\repository\org\springframework\spring-aspects\6.2.1\spring-aspects-6.2.1.jar;C:\Users\darsh\.m2\repository\org\aspectj\aspectjweaver\1.9.22.1\aspectjweaver-1.9.22.1.jar;C:\Users\darsh\.m2\repository\org\springframework\boot\spring-boot-starter-validation\3.4.1\spring-boot-starter-validation-3.4.1.jar;C:\Users\darsh\.m2\repository\org\apache\tomcat\embed\tomcat-embed-el\10.1.34\tomcat-embed-el-10.1.34.jar;C:\Users\darsh\.m2\repository\org\hibernate\validator\hibernate-validator\8.0.2.Final\hibernate-validator-8.0.2.Final.jar;C:\Users\darsh\.m2\repository\jakarta\validation\jakarta.validation-api\3.0.2\jakarta.validation-api-3.0.2.jar;C:\Users\darsh\.m2\repository\org\springframework\boot\spring-boot-starter-mail\3.4.1\spring-boot-starter-mail-3.4.1.jar;C:\Users\darsh\.m2\repository\org\springframework\spring-context-support\6.2.1\spring-context-support-6.2.1.jar;C:\Users\darsh\.m2\repository\org\eclipse\angus\jakarta.mail\2.0.3\jakarta.mail-2.0.3.jar;C:\Users\darsh\.m2\repository\jakarta\activation\jakarta.activation-api\2.1.3\jakarta.activation-api-2.1.3.jar;C:\Users\darsh\.m2\repository\org\eclipse\angus\angus-activation\2.0.2\angus-activation-2.0.2.jar;C:\Users\darsh\.m2\repository\com\mysql\mysql-connector-j\9.1.0\mysql-connector-j-9.1.0.jar;C:\Users\darsh\.m2\repository\jakarta\xml\bind\jakarta.xml.bind-api\4.0.2\jakarta.xml.bind-api-4.0.2.jar;C:\Users\darsh\.m2\repository\org\springframework\spring-core\6.2.1\spring-core-6.2.1.jar;C:\Users\darsh\.m2\repository\org\springframework\spring-jcl\6.2.1\spring-jcl-6.2.1.jar
Launcher Type: SUN_STANDARD

[Global flags]
     intx CICompilerCount                          = 4                                         {product} {ergonomic}
     uint ConcGCThreads                            = 3                                         {product} {ergonomic}
     uint G1ConcRefinementThreads                  = 10                                        {product} {ergonomic}
   size_t G1HeapRegionSize                         = 1048576                                   {product} {ergonomic}
   size_t InitialHeapSize                          = 123731968                                 {product} {ergonomic}
   size_t MarkStackSize                            = 4194304                                   {product} {ergonomic}
   size_t MarkStackSizeMax                         = 536870912                                 {product} {ergonomic}
   size_t MaxHeapSize                              = 1971322880                                {product} {ergonomic}
   size_t MaxNewSize                               = 1182793728                                {product} {ergonomic}
   size_t MinHeapDeltaBytes                        = 1048576                                   {product} {ergonomic}
   size_t MinHeapSize                              = 8388608                                   {product} {ergonomic}
    uintx NonNMethodCodeHeapSize                   = 5832704                                {pd product} {ergonomic}
    uintx NonProfiledCodeHeapSize                  = 122945536                              {pd product} {ergonomic}
    uintx ProfiledCodeHeapSize                     = 122880000                              {pd product} {ergonomic}
    uintx ReservedCodeCacheSize                    = 251658240                              {pd product} {ergonomic}
     bool SegmentedCodeCache                       = true                                      {product} {ergonomic}
   size_t SoftMaxHeapSize                          = 1971322880                             {manageable} {ergonomic}
     bool UseCompressedOops                        = true                           {product lp64_product} {ergonomic}
     bool UseG1GC                                  = true                                      {product} {ergonomic}
     bool UseLargePagesIndividualAllocation        = false                                  {pd product} {ergonomic}

Logging:
Log output configuration:
 #0: stdout all=warning uptime,level,tags foldmultilines=false
 #1: stderr all=off uptime,level,tags foldmultilines=false

Release file:
IMPLEMENTOR="Eclipse Adoptium" 
IMPLEMENTOR_VERSION="Temurin-25.0.1+8" 
JAVA_RUNTIME_VERSION="25.0.1+8-LTS" 
JAVA_VERSION="25.0.1" 
JAVA_VERSION_DATE="2025-10-21" 
LIBC="default" 
MODULES="java.base java.compiler java.datatransfer java.xml java.prefs java.desktop java.instrument java.logging java.management java.security.sasl java.naming java.rmi java.management.rmi java.net.http java.scripting java.security.jgss java.transaction.xa java.sql java.sql.rowset java.xml.crypto java.se java.smartcardio jdk.accessibility jdk.internal.jvmstat jdk.attach jdk.charsets jdk.internal.opt jdk.zipfs jdk.compiler jdk.crypto.cryptoki jdk.crypto.ec jdk.crypto.mscapi jdk.dynalink jdk.internal.ed jdk.editpad jdk.internal.vm.ci jdk.graal.compiler jdk.graal.compiler.management jdk.hotspot.agent jdk.httpserver jdk.incubator.vector jdk.internal.le jdk.internal.md jdk.jartool jdk.javadoc jdk.jcmd jdk.management jdk.management.agent jdk.jconsole jdk.jdeps jdk.jdwp.agent jdk.jdi jdk.jfr jdk.jlink jdk.jpackage jdk.jshell jdk.jsobject jdk.jstatd jdk.localedata jdk.management.jfr jdk.naming.dns jdk.naming.rmi jdk.net jdk.nio.mapmode jdk.sctp jdk.security.auth jdk.security.jgss jdk.unsupported jdk.unsupported.desktop jdk.xml.dom" 
OS_ARCH="x86_64" 
OS_NAME="Windows" 
SOURCE=".:git:61d6a2c1b35e" 
BUILD_SOURCE="git:839fa0b45d809157cffd3dc8515aad262a4a1776"
BUILD_SOURCE_REPO="https://github.com/adoptium/temurin-build.git"
SOURCE_REPO="https://github.com/adoptium/jdk25u.git"
FULL_VERSION="25.0.1+8-LTS"
SEMANTIC_VERSION="25.0.1+8"
BUILD_INFO="OS: Windows Server 2022 Version: 10.0"
JVM_VARIANT="Hotspot"
JVM_VERSION="25.0.1+8-LTS"
IMAGE_TYPE="JDK"

Environment Variables:
JAVA_HOME=C:\Program Files\Apache NetBeans\jdk
PATH=C:\Program Files\Common Files\Oracle\Java\javapath;C:\Program Files\Eclipse Adoptium\jdk-21.0.7.6-hotspot\bin;C:\windows\system32;C:\windows;C:\windows\System32\Wbem;C:\windows\System32\WindowsPowerShell\v1.0\;C:\windows\System32\OpenSSH\;C:\Program Files (x86)\NVIDIA Corporation\PhysX\Common;C:\Program Files\NVIDIA Corporation\NVIDIA NvDLISR;C:\WINDOWS\system32;C:\WINDOWS;C:\WINDOWS\System32\Wbem;C:\WINDOWS\System32\WindowsPowerShell\v1.0\;C:\WINDOWS\System32\OpenSSH\;C:\Program Files\HP\HP One Agent;C:\Program Files\Microsoft VS Code\bin;C:\Program Files (x86)\Windows Kits\10\Windows Performance Toolkit\;%java_home%\bin;C:\WINDOWS\system32;C:\WINDOWS;C:\WINDOWS\System32\Wbem;C:\WINDOWS\System32\WindowsPowerShell\v1.0\;C:\WINDOWS\System32\OpenSSH\;C:\Program Files\Git\cmd;D:\apache-maven-3.9.11\bin;C:\Users\darsh\AppData\Local\Android\Sdk\platform-tools;C:\Program Files\Common Files\Oracle\Java\javapath;C:\Program Files\Eclipse Adoptium\jdk-21.0.7.6-hotspot\bin;C:\windows\system32;C:\windows;C:\windows\System32\Wbem;C:\windows\System32\WindowsPowerShell\v1.0\;C:\windows\System32\OpenSSH\;C:\Program Files (x86)\NVIDIA Corporation\PhysX\Common;C:\Program Files\NVIDIA Corporation\NVIDIA NvDLISR;C:\WINDOWS\system32;C:\WINDOWS;C:\WINDOWS\System32\Wbem;C:\WINDOWS\System32\WindowsPowerShell\v1.0\;C:\WINDOWS\System32\OpenSSH\;C:\Program Files\HP\HP One Agent;C:\Program Files\Microsoft VS Code\bin;C:\Program Files (x86)\Windows Kits\10\Windows Performance Toolkit\;apache-maven-3.9.11\bin;C:\WINDOWS\system32;C:\WINDOWS;C:\WINDOWS\System32\Wbem;C:\WINDOWS\System32\WindowsPowerShell\v1.0\;C:\WINDOWS\System32\OpenSSH\;C:\Program Files\Git\cmd;C:\Users\darsh\Downloads\apache-maven-3.9.11-bin;C:\Program Files\Common Files\Oracle\Java\javapath;C:\Program Files\Eclipse Adoptium\jdk-21.0.7.6-hotspot\bin;C:\windows\system32;C:\windows;C:\windows\System32\Wbem;C:\windows\System
USERNAME=darsh
OS=Windows_NT
PROCESSOR_IDENTIFIER=AMD64 Family 25 Model 80 Stepping 0, AuthenticAMD
TMP=C:\Users\darsh\AppData\Local\Temp
TEMP=C:\Users\darsh\AppData\Local\Temp




Compilation memory statistics disabled.

Periodic native trim disabled

---------------  S Y S T E M  ---------------

OS:
 Windows 11 , 64 bit Build 26100 (10.0.26100.7309)
OS uptime: 4 days 14:31 hours

CPU: total 12 (initial active 12) (12 cores per cpu, 2 threads per core) family 25 model 80 stepping 0 microcode 0xa50000f, cx8, cmov, fxsr, ht, mmx, 3dnowpref, sse, sse2, sse3, ssse3, sse4a, sse4.1, sse4.2, popcnt, lzcnt, tsc, tscinvbit, avx, avx2, aes, erms, clmul, bmi1, bmi2, adx, sha, fma, vzeroupper, clflush, clflushopt, clwb, rdtscp, rdpid, fsrm, f16c, pku, cet_ss
Processor Information for the first 12 processors :
  Max Mhz: 3301, Current Mhz: 3301, Mhz Limit: 3301

Memory: 4k page, system-wide physical 7518M (619M free)
TotalPageFile size 31070M (AvailPageFile size 356M)
current process WorkingSet (physical memory assigned to process): 222M, peak: 224M
current process commit charge ("private bytes"): 262M, peak: 275M

vm_info: OpenJDK 64-Bit Server VM (25.0.1+8-LTS) for windows-amd64 JRE (25.0.1+8-LTS), built on 2025-10-21T00:00:00Z with unknown MS VC++:1942

END.
